<?xml version="1.0" encoding="UTF-8"?>
<testsuite xmlns:xsi="http://www.w3.org/2001/XMLSchema-instance" xsi:noNamespaceSchemaLocation="https://maven.apache.org/surefire/maven-surefire-plugin/xsd/surefire-test-report.xsd" name="TestSuite" time="50.17" tests="2" errors="0" skipped="0" failures="0">
  <properties>
[...]
</properties>
  <testcase name="startTest" classname="driverFactory.AppTest" time="33.646"/>
  <testcase name="shouldAnswerWithTrue on shouldAnswerWithTrue(NavyaMaven.Maven_Hybrid.AppTest)" classname="NavyaMaven.Maven_Hybrid.AppTest" time="0"/>
</testsuite>